<?xml version="1.0" encoding="UTF-8"?>
<!-- Generated by org.testng.reporters.JUnitReportReporter -->
<testsuite skipped="0" hostname="IN-HBharish-1" name="com.unisys.pom.retailbanking.LoginTest" tests="1" failures="0" timestamp="28 Jul 2017 08:46:23 GMT" time="22.131" errors="0">
  <testcase name="loginTest" time="22.131" classname="com.unisys.pom.retailbanking.LoginTest"/>
</testsuite> <!-- com.unisys.pom.retailbanking.LoginTest -->
