<?xml version="1.0" encoding="UTF-8"?>
<!-- Generated by org.testng.reporters.JUnitReportReporter -->
<testsuite hostname="IN-HBharish-1" name="com.unisys.pom.testcases.LoginTest" tests="1" failures="0" timestamp="28 Jul 2017 11:07:24 GMT" time="17.948" errors="0">
  <testcase name="loginTest" time="17.948" classname="com.unisys.pom.testcases.LoginTest"/>
</testsuite> <!-- com.unisys.pom.testcases.LoginTest -->
